c:\users\dermoudy\onedrive - university of tasmania\teaching\units\kit107\2019\sem 2\assignments\assignment 2\solution\assig2\debug\vc140.pdb
c:\users\dermoudy\onedrive - university of tasmania\teaching\units\kit107\2019\sem 2\assignments\assignment 2\solution\assig2\debug\vc140.idb
c:\users\dermoudy\onedrive - university of tasmania\teaching\units\kit107\2019\sem 2\assignments\assignment 2\solution\assig2\debug\node.obj
c:\users\dermoudy\onedrive - university of tasmania\teaching\units\kit107\2019\sem 2\assignments\assignment 2\solution\assig2\debug\assig_two219.obj
c:\users\dermoudy\onedrive - university of tasmania\teaching\units\kit107\2019\sem 2\assignments\assignment 2\solution\assig2\debug\marble.obj
c:\users\dermoudy\onedrive - university of tasmania\teaching\units\kit107\2019\sem 2\assignments\assignment 2\solution\debug\assig2.ilk
c:\users\dermoudy\onedrive - university of tasmania\teaching\units\kit107\2019\sem 2\assignments\assignment 2\solution\debug\assig2.exe
c:\users\dermoudy\onedrive - university of tasmania\teaching\units\kit107\2019\sem 2\assignments\assignment 2\solution\debug\assig2.pdb
c:\users\dermoudy\onedrive - university of tasmania\teaching\units\kit107\2019\sem 2\assignments\assignment 2\provisions\assig2\debug\assig_two219.obj
c:\users\dermoudy\onedrive - university of tasmania\teaching\units\kit107\2019\sem 2\assignments\assignment 2\provisions\assig2\debug\marble.obj
c:\users\dermoudy\onedrive - university of tasmania\teaching\units\kit107\2019\sem 2\assignments\assignment 2\provisions\assig2\debug\node.obj
c:\users\dermoudy\onedrive - university of tasmania\teaching\units\kit107\2019\sem 2\assignments\assignment 2\provisions\assig2\debug\vc140.idb
c:\users\dermoudy\onedrive - university of tasmania\teaching\units\kit107\2019\sem 2\assignments\assignment 2\provisions\assig2\debug\vc140.pdb
c:\users\dermoudy\onedrive - university of tasmania\teaching\units\kit107\2019\sem 2\assignments\assignment 2\provisions\debug\assig2.pdb
c:\users\dermoudy\onedrive - university of tasmania\teaching\units\kit107\2019\sem 2\assignments\assignment 2\provisions\debug\assig2.exe
c:\users\dermoudy\onedrive - university of tasmania\teaching\units\kit107\2019\sem 2\assignments\assignment 2\provisions\debug\assig2.ilk
c:\users\dermoudy\onedrive - university of tasmania\teaching\units\kit107\2019\sem 2\assignments\assignment 2\provisions\assig2\debug\assig2.tlog\cl.command.1.tlog
c:\users\dermoudy\onedrive - university of tasmania\teaching\units\kit107\2019\sem 2\assignments\assignment 2\provisions\assig2\debug\assig2.tlog\cl.read.1.tlog
c:\users\dermoudy\onedrive - university of tasmania\teaching\units\kit107\2019\sem 2\assignments\assignment 2\provisions\assig2\debug\assig2.tlog\cl.write.1.tlog
c:\users\dermoudy\onedrive - university of tasmania\teaching\units\kit107\2019\sem 2\assignments\assignment 2\provisions\assig2\debug\assig2.tlog\link.command.1.tlog
c:\users\dermoudy\onedrive - university of tasmania\teaching\units\kit107\2019\sem 2\assignments\assignment 2\provisions\assig2\debug\assig2.tlog\link.read.1.tlog
c:\users\dermoudy\onedrive - university of tasmania\teaching\units\kit107\2019\sem 2\assignments\assignment 2\provisions\assig2\debug\assig2.tlog\link.write.1.tlog
